<?xml version="1.0" encoding="UTF-8"?>
<testsuite time="9.663" failures="0" tests="1" name="FeatureList" >
  <testcase time="2.38" classname="FeatureList" name="Eco.setup" />
  <testcase time="7.241" classname="FeatureList" name="concombre.Main.feature" />
</testsuite>